Terminals unused in grammar

    FIN


Grammar

    0 $accept: PROG $end

    1 PROG: %empty
    2     | PROG EXP FINLIGNE

    3 EXP: NB
    4    | MEM
    5    | PO EXP PF
    6    | EXP MULT EXP
    7    | EXP DIV EXP
    8    | EXP PLUS EXP
    9    | EXP MOINS EXP
   10    | EXP POW EXP
   11    | MEM AFFECT EXP


Terminals, with rules where they appear

    $end (0) 0
    error (256)
    NB <num> (258) 3
    FIN (259)
    PO (260) 5
    PF (261) 5
    MEM <node> (262) 4 11
    FINLIGNE (263) 2
    AFFECT (264) 11
    PLUS (265) 8
    MOINS (266) 9
    MULT (267) 6
    DIV (268) 7
    POW (269) 10


Nonterminals, with rules where they appear

    $accept (15)
        on left: 0
    PROG (16)
        on left: 1 2
        on right: 0 2
    EXP <num> (17)
        on left: 3 4 5 6 7 8 9 10 11
        on right: 2 5 6 7 8 9 10 11


State 0

    0 $accept: . PROG $end

    $default  reduce using rule 1 (PROG)

    PROG  go to state 1


State 1

    0 $accept: PROG . $end
    2 PROG: PROG . EXP FINLIGNE

    $end  shift, and go to state 2
    NB    shift, and go to state 3
    PO    shift, and go to state 4
    MEM   shift, and go to state 5

    EXP  go to state 6


State 2

    0 $accept: PROG $end .

    $default  accept


State 3

    3 EXP: NB .

    $default  reduce using rule 3 (EXP)


State 4

    5 EXP: PO . EXP PF

    NB   shift, and go to state 3
    PO   shift, and go to state 4
    MEM  shift, and go to state 5

    EXP  go to state 7


State 5

    4 EXP: MEM .
   11    | MEM . AFFECT EXP

    AFFECT  shift, and go to state 8

    $default  reduce using rule 4 (EXP)


State 6

    2 PROG: PROG EXP . FINLIGNE
    6 EXP: EXP . MULT EXP
    7    | EXP . DIV EXP
    8    | EXP . PLUS EXP
    9    | EXP . MOINS EXP
   10    | EXP . POW EXP

    FINLIGNE  shift, and go to state 9
    PLUS      shift, and go to state 10
    MOINS     shift, and go to state 11
    MULT      shift, and go to state 12
    DIV       shift, and go to state 13
    POW       shift, and go to state 14


State 7

    5 EXP: PO EXP . PF
    6    | EXP . MULT EXP
    7    | EXP . DIV EXP
    8    | EXP . PLUS EXP
    9    | EXP . MOINS EXP
   10    | EXP . POW EXP

    PF     shift, and go to state 15
    PLUS   shift, and go to state 10
    MOINS  shift, and go to state 11
    MULT   shift, and go to state 12
    DIV    shift, and go to state 13
    POW    shift, and go to state 14


State 8

   11 EXP: MEM AFFECT . EXP

    NB   shift, and go to state 3
    PO   shift, and go to state 4
    MEM  shift, and go to state 5

    EXP  go to state 16


State 9

    2 PROG: PROG EXP FINLIGNE .

    $default  reduce using rule 2 (PROG)


State 10

    8 EXP: EXP PLUS . EXP

    NB   shift, and go to state 3
    PO   shift, and go to state 4
    MEM  shift, and go to state 5

    EXP  go to state 17


State 11

    9 EXP: EXP MOINS . EXP

    NB   shift, and go to state 3
    PO   shift, and go to state 4
    MEM  shift, and go to state 5

    EXP  go to state 18


State 12

    6 EXP: EXP MULT . EXP

    NB   shift, and go to state 3
    PO   shift, and go to state 4
    MEM  shift, and go to state 5

    EXP  go to state 19


State 13

    7 EXP: EXP DIV . EXP

    NB   shift, and go to state 3
    PO   shift, and go to state 4
    MEM  shift, and go to state 5

    EXP  go to state 20


State 14

   10 EXP: EXP POW . EXP

    NB   shift, and go to state 3
    PO   shift, and go to state 4
    MEM  shift, and go to state 5

    EXP  go to state 21


State 15

    5 EXP: PO EXP PF .

    $default  reduce using rule 5 (EXP)


State 16

    6 EXP: EXP . MULT EXP
    7    | EXP . DIV EXP
    8    | EXP . PLUS EXP
    9    | EXP . MOINS EXP
   10    | EXP . POW EXP
   11    | MEM AFFECT EXP .

    PLUS   shift, and go to state 10
    MOINS  shift, and go to state 11
    MULT   shift, and go to state 12
    DIV    shift, and go to state 13
    POW    shift, and go to state 14

    $default  reduce using rule 11 (EXP)


State 17

    6 EXP: EXP . MULT EXP
    7    | EXP . DIV EXP
    8    | EXP . PLUS EXP
    8    | EXP PLUS EXP .
    9    | EXP . MOINS EXP
   10    | EXP . POW EXP

    MULT  shift, and go to state 12
    DIV   shift, and go to state 13
    POW   shift, and go to state 14

    $default  reduce using rule 8 (EXP)


State 18

    6 EXP: EXP . MULT EXP
    7    | EXP . DIV EXP
    8    | EXP . PLUS EXP
    9    | EXP . MOINS EXP
    9    | EXP MOINS EXP .
   10    | EXP . POW EXP

    MULT  shift, and go to state 12
    DIV   shift, and go to state 13
    POW   shift, and go to state 14

    $default  reduce using rule 9 (EXP)


State 19

    6 EXP: EXP . MULT EXP
    6    | EXP MULT EXP .
    7    | EXP . DIV EXP
    8    | EXP . PLUS EXP
    9    | EXP . MOINS EXP
   10    | EXP . POW EXP

    POW  shift, and go to state 14

    $default  reduce using rule 6 (EXP)


State 20

    6 EXP: EXP . MULT EXP
    7    | EXP . DIV EXP
    7    | EXP DIV EXP .
    8    | EXP . PLUS EXP
    9    | EXP . MOINS EXP
   10    | EXP . POW EXP

    POW  shift, and go to state 14

    $default  reduce using rule 7 (EXP)


State 21

    6 EXP: EXP . MULT EXP
    7    | EXP . DIV EXP
    8    | EXP . PLUS EXP
    9    | EXP . MOINS EXP
   10    | EXP . POW EXP
   10    | EXP POW EXP .

    POW  shift, and go to state 14

    $default  reduce using rule 10 (EXP)
